<?xml version="1.0" encoding="UTF-8"?>
<!-- Generated by org.testng.reporters.JUnitXMLReporter -->
<testsuite ignored="0" hostname="DFW22AAA081819" failures="0" tests="6" name="Default test" time="0.131" errors="0" timestamp="2021-09-23T10:37:48 CDT">
  <testcase classname="package1.NumberOfOccurenceOfCharsInAString" name="testCase1" time="0.021"/>
  <testcase classname="package1.NumberOfOccurenceOfCharsInAString" name="testCase2" time="0.005"/>
  <testcase classname="package1.NumberOfOccurenceOfCharsInAString" name="testCase3" time="0.003"/>
  <testcase classname="package1.NumberOfOccurenceOfCharsInAString" name="testCase4" time="0.001"/>
  <testcase classname="package1.NumberOfOccurenceOfCharsInAString" name="testCase5" time="0.002"/>
  <testcase classname="package1.NumberOfOccurenceOfCharsInAString" name="testCase6" time="0.001"/>
</testsuite> <!-- Default test -->
