<?xml version="1.0" encoding="UTF-8"?>
<testng-results ignored="0" total="6" passed="6" failed="0" skipped="0">
  <reporter-output>
  </reporter-output>
  <suite started-at="2021-09-23T10:37:48 CDT" name="Default suite" finished-at="2021-09-23T10:37:48 CDT" duration-ms="131">
    <groups>
    </groups>
    <test started-at="2021-09-23T10:37:48 CDT" name="Default test" finished-at="2021-09-23T10:37:48 CDT" duration-ms="131">
      <class name="package1.NumberOfOccurenceOfCharsInAString">
        <test-method signature="testCase1()[pri:0, instance:package1.NumberOfOccurenceOfCharsInAString@343570b7]" started-at="2021-09-23T10:37:48 CDT" name="testCase1" finished-at="2021-09-23T10:37:48 CDT" duration-ms="21" status="PASS">
          <reporter-output>
          </reporter-output>
        </test-method> <!-- testCase1 -->
        <test-method signature="testCase2()[pri:0, instance:package1.NumberOfOccurenceOfCharsInAString@343570b7]" started-at="2021-09-23T10:37:48 CDT" name="testCase2" finished-at="2021-09-23T10:37:48 CDT" duration-ms="5" status="PASS">
          <reporter-output>
          </reporter-output>
        </test-method> <!-- testCase2 -->
        <test-method signature="testCase3()[pri:0, instance:package1.NumberOfOccurenceOfCharsInAString@343570b7]" started-at="2021-09-23T10:37:48 CDT" name="testCase3" finished-at="2021-09-23T10:37:48 CDT" duration-ms="3" status="PASS">
          <reporter-output>
          </reporter-output>
        </test-method> <!-- testCase3 -->
        <test-method signature="testCase4()[pri:0, instance:package1.NumberOfOccurenceOfCharsInAString@343570b7]" started-at="2021-09-23T10:37:48 CDT" name="testCase4" finished-at="2021-09-23T10:37:48 CDT" duration-ms="1" status="PASS">
          <reporter-output>
          </reporter-output>
        </test-method> <!-- testCase4 -->
        <test-method signature="testCase5()[pri:0, instance:package1.NumberOfOccurenceOfCharsInAString@343570b7]" started-at="2021-09-23T10:37:48 CDT" name="testCase5" finished-at="2021-09-23T10:37:48 CDT" duration-ms="2" status="PASS">
          <reporter-output>
          </reporter-output>
        </test-method> <!-- testCase5 -->
        <test-method signature="testCase6()[pri:0, instance:package1.NumberOfOccurenceOfCharsInAString@343570b7]" started-at="2021-09-23T10:37:48 CDT" name="testCase6" finished-at="2021-09-23T10:37:48 CDT" duration-ms="1" status="PASS">
          <reporter-output>
          </reporter-output>
        </test-method> <!-- testCase6 -->
      </class> <!-- package1.NumberOfOccurenceOfCharsInAString -->
    </test> <!-- Default test -->
  </suite> <!-- Default suite -->
</testng-results>
